commit 9e022ba454bcf18ae9fb3f85705b692a91e6d48d
Author: Glenn Downing <downing@cs.utexas.edu>
Date:   Tue Apr 11 21:04:03 2017 -0500

    another commit

commit 47378725bffa85a8deeef733b6f6634555880723
Author: Glenn Downing <downing@cs.utexas.edu>
Date:   Mon Apr 10 14:08:42 2017 -0500

    another commit

commit 3b6db082e802fb6c0996482ab9e40902f3efe86b
Author: Glenn Downing <downing@cs.utexas.edu>
Date:   Mon Apr 10 13:37:30 2017 -0500

    another commit

commit f1dfd956389fbf99653a990b1d93c5ca4f083abc
Author: Glenn Downing <downing@cs.utexas.edu>
Date:   Sun Apr 9 20:38:34 2017 -0500

    another commit

commit ef2a1dfa7aea70918ddba4ae38d31f6b8b839117
Author: Glenn Downing <downing@cs.utexas.edu>
Date:   Sun Apr 9 19:25:03 2017 -0500

    another commit

commit f24403d22f118cd70d8ebcd3ee89d7f37cbd7b2e
Author: Glenn Downing <downing@cs.utexas.edu>
Date:   Sun Apr 9 15:47:51 2017 -0500

    another commit

commit f38b38d700f5d9fb38dc7a0d83e42ed4374c54ff
Author: Glenn Downing <downing@cs.utexas.edu>
Date:   Sun Apr 9 10:42:49 2017 -0500

    another commit

commit 49c23c1470bb1e6d316d0022ac2b7f88b1c3e0a0
Author: Glenn Downing <downing@cs.utexas.edu>
Date:   Sun Apr 9 10:35:26 2017 -0500

    another commit

commit 03735b46fe836726f93cbd0d504f53383d99af71
Author: Glenn Downing <downing@cs.utexas.edu>
Date:   Fri Apr 7 17:49:27 2017 -0500

    another commit

commit 4ebc1148cd72e4eea28f2852d30f4b83d554f1d2
Author: Glenn Downing <downing@cs.utexas.edu>
Date:   Thu Apr 6 08:06:22 2017 -0500

    another commit

commit 914e0b151116786ca51eb2cbbf7d99a02b755819
Author: Glenn Downing <downing@cs.utexas.edu>
Date:   Wed Apr 5 14:11:15 2017 -0500

    another commit

commit 2243d4b077cbbf23f868f87b6d81e052ad404dc7
Author: Glenn Downing <downing@cs.utexas.edu>
Date:   Wed Apr 5 07:20:15 2017 -0500

    another commit

commit 8ebc755924ab0f52b3598d3d570e1b0568c8e2ff
Author: Glenn Downing <downing@cs.utexas.edu>
Date:   Wed Apr 5 06:53:29 2017 -0500

    another commit

commit 5321140a6a1a901a03f4ec6d6299d3a4cdc8d58d
Author: Glenn Downing <downing@cs.utexas.edu>
Date:   Wed Apr 5 06:52:41 2017 -0500

    another commit

commit 433e5dd6b26d8c4a1b07c7b7c0b3ee9d1be72f34
Author: Glenn Downing <downing@cs.utexas.edu>
Date:   Wed Apr 5 06:51:36 2017 -0500

    another commit

commit 414406ed73bff9d5c9b0c69a5cec5eb93eb189b2
Author: Glenn Downing <downing@cs.utexas.edu>
Date:   Wed Apr 5 06:43:06 2017 -0500

    another commit

commit 4ea45c3ebfcab7435ca7e18b7c0e33ad99bbf0b1
Author: Glenn Downing <downing@cs.utexas.edu>
Date:   Tue Apr 4 16:09:28 2017 -0500

    another commit

commit 8531d7e47542616e700068feb1a38cb5c0ffd0f4
Author: Glenn Downing <downing@cs.utexas.edu>
Date:   Fri Mar 31 16:03:50 2017 -0500

    another commit

commit 5d8e0df4b16b24ddd3fc0c894ba3c2cddc84d65c
Author: Glenn Downing <downing@cs.utexas.edu>
Date:   Thu Mar 30 21:45:48 2017 -0500

    another commit

commit 2171220ce8b5eb03c13667871aadcf268838b87e
Author: Glenn Downing <downing@cs.utexas.edu>
Date:   Wed Mar 29 17:39:22 2017 -0500

    another commit

commit fc854163a569e55efa2aa89abfaa9ac5ad789e54
Author: Glenn Downing <downing@cs.utexas.edu>
Date:   Sun Mar 26 21:15:19 2017 -0500

    another commit

commit 56b1aba3fe3f5245ad2d59a2a1051c7f5bf97cbf
Author: Glenn Downing <downing@cs.utexas.edu>
Date:   Sun Mar 26 18:43:59 2017 -0500

    another commit

commit b5077fe9a53f289c6de307cda5c9567c2c9a1fa6
Author: Glenn Downing <downing@cs.utexas.edu>
Date:   Sat Mar 25 21:24:25 2017 -0500

    another commit

commit f26328ed381610e735116518e151e3ad3685c243
Author: Glenn Downing <downing@cs.utexas.edu>
Date:   Sat Mar 25 21:15:09 2017 -0500

    another commit

commit 508b46d99618dbf050de40789d9603a8775785da
Author: Glenn Downing <downing@cs.utexas.edu>
Date:   Sat Mar 25 20:33:05 2017 -0500

    another commit

commit 7ede24884adae1de0eb4f71a6893e91dc10d8950
Author: Glenn Downing <downing@cs.utexas.edu>
Date:   Sat Mar 25 12:07:54 2017 -0500

    another commit

commit d321862bfb036b7224b605e0d3d523c19960c108
Author: Glenn Downing <downing@cs.utexas.edu>
Date:   Sat Mar 25 11:48:32 2017 -0500

    another commit

commit 0ddd57b5b073de803eeeabf9af177a94c2a11195
Author: Glenn Downing <downing@cs.utexas.edu>
Date:   Sat Mar 25 11:16:44 2017 -0500

    another commit

commit 4f84799adb20385a2f4ebf75de42ec8949248160
Author: Glenn Downing <downing@cs.utexas.edu>
Date:   Fri Mar 24 16:33:44 2017 -0500

    another commit

commit c8fbeeebfbf5cf471c64ce5623457749717f335a
Author: Glenn Downing <downing@cs.utexas.edu>
Date:   Fri Mar 24 12:09:44 2017 -0500

    another commit

commit 96cb24374b9dda479da8f961b1e6bf70857bfc24
Author: Glenn Downing <downing@cs.utexas.edu>
Date:   Wed Mar 22 14:20:49 2017 -0500

    another commit

commit 42497b8738a6d27055f70e8293e51d75d8f66d58
Author: Glenn Downing <downing@cs.utexas.edu>
Date:   Tue Mar 21 20:16:40 2017 -0500

    another commit

commit d6d3ede4678d258751a10ca36e7af2eeef3949d7
Author: Glenn Downing <downing@cs.utexas.edu>
Date:   Tue Mar 21 09:46:34 2017 -0500

    another commit

commit f6b22e9dc74ec16ec53fd9afca38153263b34722
Author: Glenn Downing <downing@cs.utexas.edu>
Date:   Wed Mar 8 17:09:05 2017 -0600

    another commit

commit ba63c0704a2efeeb31620c564b892ddadb0be721
Author: Glenn Downing <downing@cs.utexas.edu>
Date:   Tue Mar 7 19:39:44 2017 -0600

    another commit

commit b70d1e5aff75a0626ac7747a559b2a45413abd6e
Author: Glenn Downing <downing@cs.utexas.edu>
Date:   Tue Mar 7 19:28:46 2017 -0600

    another commit

commit ec49a4fbf2e6318762f6eef0f5e05ec2bbac32e6
Author: Glenn Downing <downing@cs.utexas.edu>
Date:   Tue Mar 7 16:38:41 2017 -0600

    another commit

commit f031e8e944698c802a69b6d82e7e6ed861bd3ec7
Author: Glenn Downing <downing@cs.utexas.edu>
Date:   Mon Mar 6 16:53:53 2017 -0600

    another commit

commit 9e68cf35f1c5a4306b870a1b5c255b8643c2116c
Author: Glenn Downing <downing@cs.utexas.edu>
Date:   Mon Mar 6 16:03:06 2017 -0600

    another commit

commit 8a812d4609415d3f0c653e62a15f5caad0da7522
Author: Glenn Downing <downing@cs.utexas.edu>
Date:   Mon Mar 6 07:17:07 2017 -0600

    another commit

commit 62cec66ad00c3d913e543c32575a0e1b43d27f18
Author: Glenn Downing <downing@cs.utexas.edu>
Date:   Sun Mar 5 19:49:59 2017 -0600

    another commit

commit 6b505b028be3d22cc5a3cdb5d4b02f3b5077c328
Author: Glenn Downing <downing@cs.utexas.edu>
Date:   Sun Mar 5 19:49:32 2017 -0600

    another commit

commit bb58938330d39cb6b82dc6f3163b1cebfba6213f
Author: Glenn Downing <downing@cs.utexas.edu>
Date:   Sun Mar 5 19:48:30 2017 -0600

    another commit

commit c94eec66ae0617613af9fffd7dee63d5ffe3aa5b
Author: Glenn Downing <downing@cs.utexas.edu>
Date:   Thu Mar 2 09:08:34 2017 -0600

    another commit

commit e782b70ffc1fead6498aebc356f18b1a347baa1a
Author: Glenn Downing <downing@cs.utexas.edu>
Date:   Wed Mar 1 21:34:38 2017 -0600

    another commit

commit f496d637db52052ff9833993ec9123002a6b865c
Author: Glenn Downing <downing@cs.utexas.edu>
Date:   Wed Mar 1 15:33:06 2017 -0600

    another commit

commit 4e070c8d2c7d4a1f89bc05c7b81987f5bdb979d9
Author: Glenn Downing <downing@cs.utexas.edu>
Date:   Wed Mar 1 15:32:19 2017 -0600

    another commit

commit ec21d86a0fa099fe5c71237ec0d116030b92f850
Author: Glenn Downing <downing@cs.utexas.edu>
Date:   Wed Mar 1 15:28:58 2017 -0600

    another commit

commit ee518f67fd62def060f61104fcc36434008e8832
Author: Glenn Downing <downing@cs.utexas.edu>
Date:   Wed Mar 1 06:30:41 2017 -0600

    another commit

commit 2d9ad5e5996489fa1f548ae3170ce808faecfc1c
Author: Glenn Downing <downing@cs.utexas.edu>
Date:   Tue Feb 28 21:56:11 2017 -0600

    another commit

commit 0023f69fc86bd98fca7d79afb03cc3c4e4b0a3fe
Author: Glenn Downing <downing@cs.utexas.edu>
Date:   Tue Feb 28 18:59:29 2017 -0600

    another commit

commit 7d93e1118ab8b4c3131fd98ed32b6330ba79b86c
Author: Glenn Downing <downing@cs.utexas.edu>
Date:   Tue Feb 28 18:58:53 2017 -0600

    another commit

commit c4782bff8dc899584299bfa3ebb80b9611889715
Author: Glenn Downing <downing@cs.utexas.edu>
Date:   Sat Feb 25 10:39:23 2017 -0600

    another commit

commit cceff19de0e4082e9e47bec2189fdec4ee28bb15
Author: Glenn Downing <downing@cs.utexas.edu>
Date:   Sat Feb 25 10:37:00 2017 -0600

    another commit

commit 690b59e123f0ab0604d2ad05521f4a38d9cafbee
Author: Glenn Downing <downing@cs.utexas.edu>
Date:   Fri Feb 24 07:37:21 2017 -0600

    another commit

commit 04d0ba0f11ba7147666cd2a63a63345e23282a10
Author: Glenn Downing <downing@cs.utexas.edu>
Date:   Thu Feb 23 08:48:05 2017 -0600

    another commit

commit 049b0adc7a8ba33903b025754bbd466894ac0006
Author: Glenn Downing <downing@cs.utexas.edu>
Date:   Thu Feb 23 08:47:10 2017 -0600

    another commit

commit ce9f44464b920ca2ec14d5e57350e425b3a629c9
Author: Glenn Downing <downing@cs.utexas.edu>
Date:   Wed Feb 22 14:33:29 2017 -0600

    another commit

commit 8bac1ebc188fcabf61329b759a3fe28bcc83dedf
Author: Glenn Downing <downing@cs.utexas.edu>
Date:   Mon Feb 20 21:05:55 2017 -0600

    another commit

commit 578def3da375a311c31e082af8a565a88c1f439a
Author: Glenn Downing <downing@cs.utexas.edu>
Date:   Mon Feb 20 13:38:59 2017 -0600

    another commit

commit 2bbc8a130e75c2b6ae89a6ff435a74f8abffb795
Author: Glenn Downing <downing@cs.utexas.edu>
Date:   Fri Feb 17 21:42:40 2017 -0600

    another commit

commit e009e5d32b4a21fbc592fc60a9aef7a031416493
Author: Glenn Downing <downing@cs.utexas.edu>
Date:   Fri Feb 17 21:41:03 2017 -0600

    another commit

commit db9c6b89e7ecd2d2d3061c983a20e6a70ad24b0a
Author: Glenn Downing <downing@cs.utexas.edu>
Date:   Fri Feb 17 19:50:25 2017 -0600

    another commit

commit 776fa380284acdadb9639e138378f10c69684b76
Author: Glenn Downing <downing@cs.utexas.edu>
Date:   Thu Feb 16 07:32:59 2017 -0600

    another commit

commit fdebd7c91745b7ef4650e7db0df19f6c7053dc98
Author: Glenn Downing <downing@cs.utexas.edu>
Date:   Wed Feb 15 19:45:26 2017 -0600

    another commit

commit e70f33e4b52b283d78399a3622f4294fbb9ad939
Author: Glenn Downing <downing@cs.utexas.edu>
Date:   Wed Feb 15 19:44:13 2017 -0600

    another commit

commit edaf7af744b7307c3c982403bdcae755d4a96aac
Author: Glenn Downing <downing@cs.utexas.edu>
Date:   Tue Feb 14 21:44:07 2017 -0600

    another commit

commit f56c7425a74192a52910ffc3c66bb526750a6c23
Author: Glenn Downing <downing@cs.utexas.edu>
Date:   Tue Feb 14 18:31:26 2017 -0600

    another commit

commit bb924c85222e591a7870133c3a272a3c1dd0fa66
Author: Glenn Downing <downing@cs.utexas.edu>
Date:   Tue Feb 14 16:17:47 2017 -0600

    another commit

commit a255be6296afad361e9c70a12eaab242712a19b0
Author: Glenn Downing <downing@cs.utexas.edu>
Date:   Tue Feb 14 16:15:59 2017 -0600

    another commit

commit 4dfabf48a2d331ce99d928527c762de2ed1e01b8
Author: Glenn Downing <downing@cs.utexas.edu>
Date:   Mon Feb 13 21:35:39 2017 -0600

    another commit

commit 59378ecd1dc9605aa88fbcd170ce89ccaff0437e
Author: Glenn Downing <downing@cs.utexas.edu>
Date:   Mon Feb 13 12:24:19 2017 -0600

    another commit

commit 7c7735ba3c11693a183b7cb766c5bee721c391bc
Author: Glenn Downing <downing@cs.utexas.edu>
Date:   Mon Feb 13 12:23:28 2017 -0600

    another commit

commit b578c7fa63cfe0b9444895c74cbd7343bf67ae97
Author: Glenn Downing <downing@cs.utexas.edu>
Date:   Mon Feb 13 12:21:24 2017 -0600

    another commit

commit 31a9a4110206a464808df78d87b4b4cd6ac68a3e
Author: Glenn Downing <downing@cs.utexas.edu>
Date:   Mon Feb 13 07:41:19 2017 -0600

    another commit

commit f02684c06c9b2d7f67fd2ea43ae3eb6762b6f2d8
Author: Glenn Downing <downing@cs.utexas.edu>
Date:   Fri Feb 10 23:17:59 2017 -0600

    another commit

commit 5013009ba3a65601a3128ea423a61fcad83b9467
Author: Glenn Downing <downing@cs.utexas.edu>
Date:   Fri Feb 10 23:16:56 2017 -0600

    another commit

commit c945ca6197c94dee89102de806f8a5e24c78e51e
Author: Glenn Downing <downing@cs.utexas.edu>
Date:   Thu Feb 9 10:17:24 2017 -0600

    another commit

commit 6dd9b019d4cdd99ed7be212657b99ebf5e336c1c
Author: Glenn Downing <downing@cs.utexas.edu>
Date:   Thu Feb 9 10:14:59 2017 -0600

    another commit

commit 7b7c539e70411a66e2191c7672524b469876c9d2
Author: Glenn Downing <downing@cs.utexas.edu>
Date:   Thu Feb 9 08:28:13 2017 -0600

    another commit

commit e5a6584c66224ed64d11cda4646c60b8d19df36c
Author: Glenn Downing <downing@cs.utexas.edu>
Date:   Mon Feb 6 21:41:44 2017 -0600

    another commit

commit 6dbe2281e1f6b6a0fcda843efc766b4fd1d68b25
Author: Glenn Downing <downing@cs.utexas.edu>
Date:   Mon Feb 6 14:05:39 2017 -0600

    another commit

commit 0c644536b36b3370897b2095e9d1906d4fdc1f16
Author: Glenn Downing <downing@cs.utexas.edu>
Date:   Sun Feb 5 15:03:10 2017 -0600

    another commit

commit dd6cb7d33833804f6327e1bff7737e5ee9c154aa
Author: Glenn Downing <downing@cs.utexas.edu>
Date:   Sat Feb 4 15:23:33 2017 -0600

    another commit

commit 168e672c17d4a0a7444a678c9f6312b30fda3ea8
Author: Glenn Downing <downing@cs.utexas.edu>
Date:   Fri Feb 3 22:34:08 2017 -0600

    another commit

commit df96e95de3964b1c2a7995a2610717028424854b
Author: Glenn Downing <downing@cs.utexas.edu>
Date:   Thu Feb 2 15:40:41 2017 -0600

    another commit

commit c0bfe8a063b8573ed3b9ae4a6aa0f67545e1d18b
Author: Glenn Downing <downing@cs.utexas.edu>
Date:   Thu Feb 2 13:36:33 2017 -0600

    another commit

commit 31f92f8f697e34cdc056992923f2b1ba1b213186
Author: Glenn Downing <downing@cs.utexas.edu>
Date:   Wed Feb 1 16:35:04 2017 -0600

    another commit

commit 97140dd108d8e21d739f7a40e4ff02b243658f5d
Author: Glenn Downing <downing@cs.utexas.edu>
Date:   Tue Jan 31 16:41:35 2017 -0600

    another commit

commit 9eaf8664bf2c1a99882d609c1cbc0941320fd739
Author: Glenn Downing <downing@cs.utexas.edu>
Date:   Tue Jan 31 09:16:55 2017 -0600

    another commit

commit 2c87b351ed320c8edcafe974d120b4ca3a130e92
Author: Glenn Downing <downing@cs.utexas.edu>
Date:   Tue Jan 31 09:14:30 2017 -0600

    another commit

commit 5aa4184ebd66de6057aa3ef6497524cb908257a4
Author: Glenn Downing <downing@cs.utexas.edu>
Date:   Mon Jan 30 07:36:17 2017 -0600

    another commit

commit 13377af5889524c958f3988a18a7c57f7b4fb986
Author: Glenn Downing <downing@cs.utexas.edu>
Date:   Sun Jan 29 20:59:28 2017 -0600

    another commit

commit 65c7429c7e2218f9f0d221e4891247658681ab45
Author: Glenn Downing <downing@cs.utexas.edu>
Date:   Sun Jan 29 20:49:44 2017 -0600

    another commit

commit 360529ae5e254e1eedfd9d381ee210cf951154cd
Author: Glenn Downing <downing@cs.utexas.edu>
Date:   Sun Jan 29 20:42:11 2017 -0600

    another commit

commit e89764c68955cdba5faa5878c60d9aa5910941ff
Author: Glenn Downing <downing@cs.utexas.edu>
Date:   Sun Jan 29 20:38:43 2017 -0600

    another commit

commit b9e6aa8b5ee3e6813f31d12c324c7a301c2ddf04
Author: Glenn Downing <downing@cs.utexas.edu>
Date:   Sat Jan 28 09:41:37 2017 -0600

    another commit

commit 0252d3cac9828300d32c70c7dfd76b580de83926
Author: Glenn Downing <downing@cs.utexas.edu>
Date:   Fri Jan 27 17:31:12 2017 -0600

    another commit

commit fa154e42752abfe9c651e80019e3827e94552e0f
Author: Glenn Downing <downing@cs.utexas.edu>
Date:   Thu Jan 26 06:33:47 2017 -0600

    another commit

commit 50f7249f25b93200c5be644d4e5cb8cecae87497
Author: Glenn Downing <downing@cs.utexas.edu>
Date:   Wed Jan 25 19:39:52 2017 -0600

    another commit

commit dfda4da8707266d7946a4ede6ca58488395e0d7e
Author: Glenn Downing <downing@cs.utexas.edu>
Date:   Mon Jan 23 19:26:11 2017 -0600

    another commit

commit 640ae8aeac3a85d442561cdcfe5f078fd47cf8e4
Author: Glenn Downing <downing@cs.utexas.edu>
Date:   Sun Jan 22 22:42:48 2017 -0600

    another commit

commit 1dcf3c9e4b176659f6c244c41ebfc6944d4df85c
Author: Glenn Downing <downing@cs.utexas.edu>
Date:   Sun Jan 22 18:27:51 2017 -0600

    another commit

commit cc82948f6a21d25e4be85b5bca8c0d103035b245
Author: Glenn Downing <downing@cs.utexas.edu>
Date:   Sun Jan 22 18:20:01 2017 -0600

    another commit

commit a344e3ea6ea9be3bce98db2b82810664464a7222
Author: Glenn Downing <downing@cs.utexas.edu>
Date:   Sun Jan 22 18:15:06 2017 -0600

    another commit

commit 747a62f1ad385f61d99bcba3a91ebf9826aa4e1a
Author: Glenn Downing <downing@cs.utexas.edu>
Date:   Sun Jan 22 17:18:09 2017 -0600

    another commit

commit 20b7891509576d1f7e4449098778c44db917b631
Author: Glenn Downing <downing@cs.utexas.edu>
Date:   Sun Jan 22 17:14:10 2017 -0600

    another commit

commit 363d472124d4b2587052a310d06b8126cfaba9e1
Author: Glenn Downing <downing@cs.utexas.edu>
Date:   Sun Jan 22 15:02:28 2017 -0600

    another commit

commit a7aa03646816f6bb434b1ebcf9fcec502dd84025
Author: Glenn Downing <downing@cs.utexas.edu>
Date:   Fri Jan 20 20:27:11 2017 -0600

    another commit

commit d30b1f89192ff9329a4a0a47a567f75e196ca122
Author: Glenn Downing <downing@cs.utexas.edu>
Date:   Thu Jan 19 21:31:41 2017 -0600

    another commit

commit 4cd446c1623520c5866fe7b780e6bf9136d0363e
Author: Glenn Downing <downing@cs.utexas.edu>
Date:   Thu Jan 19 07:48:29 2017 -0600

    another commit

commit 898e59aed89f9e6f1a9112c7cf568b68eda733d2
Author: Glenn Downing <downing@cs.utexas.edu>
Date:   Thu Jan 19 07:43:15 2017 -0600

    another commit

commit 7efbb42d779d798b076295a3aabb7824e58fdd2e
Author: Glenn Downing <downing@cs.utexas.edu>
Date:   Thu Jan 19 07:34:20 2017 -0600

    another commit

commit 777e8bc8ea35ae4f3fd03ae1f3b9b834c8011bf7
Author: Glenn Downing <downing@cs.utexas.edu>
Date:   Wed Jan 18 21:02:03 2017 -0600

    another commit

commit 1c4264d9c32b6fac7cb2345be555e33af4b2209c
Author: Glenn Downing <downing@cs.utexas.edu>
Date:   Wed Jan 18 20:58:08 2017 -0600

    another commit

commit 7c8615136b9926d303e64b738906a32e83cc068c
Author: Glenn Downing <downing@cs.utexas.edu>
Date:   Sat Jan 14 11:24:44 2017 -0600

    another commit

commit 7b104bfa2b06c8b2a47ca653285a414c118c6768
Author: Glenn Downing <downing@cs.utexas.edu>
Date:   Tue Jan 10 10:40:07 2017 -0600

    another commit

commit 23911d73eef763541aab353e3a9e8307701f9921
Author: Glenn Downing <downing@cs.utexas.edu>
Date:   Tue Jan 10 10:04:59 2017 -0600

    another commit

commit 1c1b9ef35034d0640307682dd27d6d602d139eac
Author: Glenn Downing <downing@cs.utexas.edu>
Date:   Mon Jan 9 19:04:24 2017 -0600

    another commit

commit bc9ccd98df842062704e6c5087b2fb61552e1c51
Author: Glenn Downing <downing@cs.utexas.edu>
Date:   Mon Jan 9 18:59:25 2017 -0600

    first commit
