*** Life<Fredkin> 9x9 ***

Generation = 0, Population = 3.
---------
---------
---------
---------
---000---
---------
---------
---------
---------

Generation = 1, Population = 10.
---------
---------
---------
---000---
--00-00--
---000---
---------
---------
---------

Generation = 2, Population = 12.
---------
---------
---000---
---------
-011-110-
---------
---000---
---------
---------

Generation = 3, Population = 30.
---------
---000---
--00-00--
-00-0-00-
00-2-2-00
-00-0-00-
--00-00--
---000---
---------

*** Life<Fredkin> 10x10 ***

Generation = 0, Population = 4.
----------
----------
----------
----------
----00----
----00----
----------
----------
----------
----------

Generation = 1, Population = 8.
----------
----------
----------
----00----
---0--0---
---0--0---
----00----
----------
----------
----------

Generation = 2, Population = 8.
----------
----------
----00----
----11----
--01--10--
--01--10--
----11----
----00----
----------
----------

Generation = 3, Population = 8.
----------
----00----
---0--0---
--0----0--
-0------0-
-0------0-
--0----0--
---0--0---
----00----
----------
